# JRE version: OpenJDK Runtime Environment Temurin-21.0.10+7 (21.0.10+7) (build 21.0.10+7-LTS)
# Java VM: OpenJDK 64-Bit Server VM Temurin-21.0.10+7 (21.0.10+7-LTS, mixed mode, sharing, tiered, compressed oops, compressed class ptrs, parallel gc, windows-amd64)
GC Precious Log:
 CardTable entry size: 512
 CPUs: 12 total, 12 available
 Memory: 16087M
 Large Page Support: Disabled
 NUMA Support: Disabled
 Compressed Oops: Enabled (32-bit)
 Alignments: Space 512K, Generation 512K, Heap 2M
 Heap Min Capacity: 100M
 Heap Initial Capacity: 100M
 Heap Max Capacity: 2G
 Pre-touch: Disabled
 Parallel Workers: 10
Heap:
 PSYoungGen      total 3072K, used 448K [0x00000000d5580000, 0x00000000d5b80000, 0x0000000100000000)
  eden space 2560K, 5% used [0x00000000d5580000,0x00000000d55a00b0,0x00000000d5800000)
  from space 512K, 62% used [0x00000000d5a80000,0x00000000d5ad0000,0x00000000d5b00000)
  to   space 512K, 0% used [0x00000000d5b00000,0x00000000d5b00000,0x00000000d5b80000)
 ParOldGen       total 589824K, used 573948K [0x0000000080000000, 0x00000000a4000000, 0x00000000d5580000)
  object space 589824K, 97% used [0x0000000080000000,0x00000000a307f1f8,0x00000000a4000000)
 Metaspace       used 101872K, committed 103808K, reserved 1179648K
  class space    used 10918K, committed 11776K, reserved 1048576K
GC Heap History (20 events):
Event: 18664.894 GC heap before
{Heap before GC invocations=1875 (full 5):
 PSYoungGen      total 3072K, used 2944K [0x00000000d5580000, 0x00000000d5b80000, 0x0000000100000000)
  eden space 2560K, 100% used [0x00000000d5580000,0x00000000d5800000,0x00000000d5800000)
  from space 512K, 75% used [0x00000000d5a80000,0x00000000d5ae0000,0x00000000d5b00000)
  to   space 512K, 0% used [0x00000000d5b00000,0x00000000d5b00000,0x00000000d5b80000)
 ParOldGen       total 589824K, used 572614K [0x0000000080000000, 0x00000000a4000000, 0x00000000d5580000)
  object space 589824K, 97% used [0x0000000080000000,0x00000000a2f31a48,0x00000000a4000000)
 Metaspace       used 101559K, committed 103488K, reserved 1179648K
  class space    used 10889K, committed 11776K, reserved 1048576K
}
Event: 18664.897 GC heap after
{Heap after GC invocations=1875 (full 5):
 PSYoungGen      total 3072K, used 320K [0x00000000d5580000, 0x00000000d5b80000, 0x0000000100000000)
  eden space 2560K, 0% used [0x00000000d5580000,0x00000000d5580000,0x00000000d5800000)
  from space 512K, 62% used [0x00000000d5b00000,0x00000000d5b50000,0x00000000d5b80000)
  to   space 512K, 0% used [0x00000000d5a80000,0x00000000d5a80000,0x00000000d5b00000)
 ParOldGen       total 589824K, used 572654K [0x0000000080000000, 0x00000000a4000000, 0x00000000d5580000)
  object space 589824K, 97% used [0x0000000080000000,0x00000000a2f3ba48,0x00000000a4000000)
 Metaspace       used 101559K, committed 103488K, reserved 1179648K
  class space    used 10889K, committed 11776K, reserved 1048576K
}
Event: 18664.930 GC heap before
{Heap before GC invocations=1876 (full 5):
 PSYoungGen      total 3072K, used 2880K [0x00000000d5580000, 0x00000000d5b80000, 0x0000000100000000)
  eden space 2560K, 100% used [0x00000000d5580000,0x00000000d5800000,0x00000000d5800000)
  from space 512K, 62% used [0x00000000d5b00000,0x00000000d5b50000,0x00000000d5b80000)
  to   space 512K, 0% used [0x00000000d5a80000,0x00000000d5a80000,0x00000000d5b00000)
 ParOldGen       total 589824K, used 572654K [0x0000000080000000, 0x00000000a4000000, 0x00000000d5580000)
  object space 589824K, 97% used [0x0000000080000000,0x00000000a2f3ba48,0x00000000a4000000)
 Metaspace       used 101559K, committed 103488K, reserved 1179648K
  class space    used 10889K, committed 11776K, reserved 1048576K
}
Event: 18664.931 GC heap after
{Heap after GC invocations=1876 (full 5):
 PSYoungGen      total 3072K, used 160K [0x00000000d5580000, 0x00000000d5b80000, 0x0000000100000000)
  eden space 2560K, 0% used [0x00000000d5580000,0x00000000d5580000,0x00000000d5800000)
  from space 512K, 31% used [0x00000000d5a80000,0x00000000d5aa8000,0x00000000d5b00000)
  to   space 512K, 0% used [0x00000000d5b00000,0x00000000d5b00000,0x00000000d5b80000)
 ParOldGen       total 589824K, used 572758K [0x0000000080000000, 0x00000000a4000000, 0x00000000d5580000)
  object space 589824K, 97% used [0x0000000080000000,0x00000000a2f55a48,0x00000000a4000000)
 Metaspace       used 101559K, committed 103488K, reserved 1179648K
  class space    used 10889K, committed 11776K, reserved 1048576K
}
Event: 18685.373 GC heap before
{Heap before GC invocations=1877 (full 5):
 PSYoungGen      total 3072K, used 2720K [0x00000000d5580000, 0x00000000d5b80000, 0x0000000100000000)
  eden space 2560K, 100% used [0x00000000d5580000,0x00000000d5800000,0x00000000d5800000)
  from space 512K, 31% used [0x00000000d5a80000,0x00000000d5aa8000,0x00000000d5b00000)
  to   space 512K, 0% used [0x00000000d5b00000,0x00000000d5b00000,0x00000000d5b80000)
 ParOldGen       total 589824K, used 572758K [0x0000000080000000, 0x00000000a4000000, 0x00000000d5580000)
  object space 589824K, 97% used [0x0000000080000000,0x00000000a2f55a48,0x00000000a4000000)
 Metaspace       used 101599K, committed 103552K, reserved 1179648K
  class space    used 10896K, committed 11776K, reserved 1048576K
}
Event: 18685.375 GC heap after
{Heap after GC invocations=1877 (full 5):
 PSYoungGen      total 3072K, used 400K [0x00000000d5580000, 0x00000000d5b80000, 0x0000000100000000)
  eden space 2560K, 0% used [0x00000000d5580000,0x00000000d5580000,0x00000000d5800000)
  from space 512K, 78% used [0x00000000d5b00000,0x00000000d5b64250,0x00000000d5b80000)
  to   space 512K, 0% used [0x00000000d5a80000,0x00000000d5a80000,0x00000000d5b00000)
 ParOldGen       total 589824K, used 572870K [0x0000000080000000, 0x00000000a4000000, 0x00000000d5580000)
  object space 589824K, 97% used [0x0000000080000000,0x00000000a2f71a48,0x00000000a4000000)
 Metaspace       used 101599K, committed 103552K, reserved 1179648K
  class space    used 10896K, committed 11776K, reserved 1048576K
}
Event: 18685.463 GC heap before
{Heap before GC invocations=1878 (full 5):
 PSYoungGen      total 3072K, used 2960K [0x00000000d5580000, 0x00000000d5b80000, 0x0000000100000000)
  eden space 2560K, 100% used [0x00000000d5580000,0x00000000d5800000,0x00000000d5800000)
  from space 512K, 78% used [0x00000000d5b00000,0x00000000d5b64250,0x00000000d5b80000)
  to   space 512K, 0% used [0x00000000d5a80000,0x00000000d5a80000,0x00000000d5b00000)
 ParOldGen       total 589824K, used 572870K [0x0000000080000000, 0x00000000a4000000, 0x00000000d5580000)
  object space 589824K, 97% used [0x0000000080000000,0x00000000a2f71a48,0x00000000a4000000)
 Metaspace       used 101675K, committed 103616K, reserved 1179648K
  class space    used 10910K, committed 11776K, reserved 1048576K
}
Event: 18685.465 GC heap after
{Heap after GC invocations=1878 (full 5):
 PSYoungGen      total 3072K, used 480K [0x00000000d5580000, 0x00000000d5b80000, 0x0000000100000000)
  eden space 2560K, 0% used [0x00000000d5580000,0x00000000d5580000,0x00000000d5800000)
  from space 512K, 93% used [0x00000000d5a80000,0x00000000d5af8000,0x00000000d5b00000)
  to   space 512K, 0% used [0x00000000d5b00000,0x00000000d5b00000,0x00000000d5b80000)
 ParOldGen       total 589824K, used 573204K [0x0000000080000000, 0x00000000a4000000, 0x00000000d5580000)
  object space 589824K, 97% used [0x0000000080000000,0x00000000a2fc51f8,0x00000000a4000000)
 Metaspace       used 101675K, committed 103616K, reserved 1179648K
  class space    used 10910K, committed 11776K, reserved 1048576K
}
Event: 18687.207 GC heap before
{Heap before GC invocations=1879 (full 5):
 PSYoungGen      total 3072K, used 3040K [0x00000000d5580000, 0x00000000d5b80000, 0x0000000100000000)
  eden space 2560K, 100% used [0x00000000d5580000,0x00000000d5800000,0x00000000d5800000)
  from space 512K, 93% used [0x00000000d5a80000,0x00000000d5af8000,0x00000000d5b00000)
  to   space 512K, 0% used [0x00000000d5b00000,0x00000000d5b00000,0x00000000d5b80000)
 ParOldGen       total 589824K, used 573204K [0x0000000080000000, 0x00000000a4000000, 0x00000000d5580000)
  object space 589824K, 97% used [0x0000000080000000,0x00000000a2fc51f8,0x00000000a4000000)
 Metaspace       used 101819K, committed 103744K, reserved 1179648K
  class space    used 10918K, committed 11776K, reserved 1048576K
}
Event: 18687.209 GC heap after
{Heap after GC invocations=1879 (full 5):
 PSYoungGen      total 3072K, used 416K [0x00000000d5580000, 0x00000000d5b80000, 0x0000000100000000)
  eden space 2560K, 0% used [0x00000000d5580000,0x00000000d5580000,0x00000000d5800000)
  from space 512K, 81% used [0x00000000d5b00000,0x00000000d5b68000,0x00000000d5b80000)
  to   space 512K, 0% used [0x00000000d5a80000,0x00000000d5a80000,0x00000000d5b00000)
 ParOldGen       total 589824K, used 573532K [0x0000000080000000, 0x00000000a4000000, 0x00000000d5580000)
  object space 589824K, 97% used [0x0000000080000000,0x00000000a30171f8,0x00000000a4000000)
 Metaspace       used 101819K, committed 103744K, reserved 1179648K
  class space    used 10918K, committed 11776K, reserved 1048576K
}
Event: 18688.378 GC heap before
{Heap before GC invocations=1880 (full 5):
 PSYoungGen      total 3072K, used 2976K [0x00000000d5580000, 0x00000000d5b80000, 0x0000000100000000)
  eden space 2560K, 100% used [0x00000000d5580000,0x00000000d5800000,0x00000000d5800000)
  from space 512K, 81% used [0x00000000d5b00000,0x00000000d5b68000,0x00000000d5b80000)
  to   space 512K, 0% used [0x00000000d5a80000,0x00000000d5a80000,0x00000000d5b00000)
 ParOldGen       total 589824K, used 573532K [0x0000000080000000, 0x00000000a4000000, 0x00000000d5580000)
  object space 589824K, 97% used [0x0000000080000000,0x00000000a30171f8,0x00000000a4000000)
 Metaspace       used 101831K, committed 103744K, reserved 1179648K
  class space    used 10918K, committed 11776K, reserved 1048576K
}
Event: 18688.379 GC heap after
{Heap after GC invocations=1880 (full 5):
 PSYoungGen      total 3072K, used 256K [0x00000000d5580000, 0x00000000d5b80000, 0x0000000100000000)
  eden space 2560K, 0% used [0x00000000d5580000,0x00000000d5580000,0x00000000d5800000)
  from space 512K, 50% used [0x00000000d5a80000,0x00000000d5ac0000,0x00000000d5b00000)
  to   space 512K, 0% used [0x00000000d5b00000,0x00000000d5b00000,0x00000000d5b80000)
 ParOldGen       total 589824K, used 573628K [0x0000000080000000, 0x00000000a4000000, 0x00000000d5580000)
  object space 589824K, 97% used [0x0000000080000000,0x00000000a302f1f8,0x00000000a4000000)
 Metaspace       used 101831K, committed 103744K, reserved 1179648K
  class space    used 10918K, committed 11776K, reserved 1048576K
}
Event: 18753.842 GC heap before
{Heap before GC invocations=1881 (full 5):
 PSYoungGen      total 3072K, used 2816K [0x00000000d5580000, 0x00000000d5b80000, 0x0000000100000000)
  eden space 2560K, 100% used [0x00000000d5580000,0x00000000d5800000,0x00000000d5800000)
  from space 512K, 50% used [0x00000000d5a80000,0x00000000d5ac0000,0x00000000d5b00000)
  to   space 512K, 0% used [0x00000000d5b00000,0x00000000d5b00000,0x00000000d5b80000)
 ParOldGen       total 589824K, used 573628K [0x0000000080000000, 0x00000000a4000000, 0x00000000d5580000)
  object space 589824K, 97% used [0x0000000080000000,0x00000000a302f1f8,0x00000000a4000000)
 Metaspace       used 101832K, committed 103744K, reserved 1179648K
  class space    used 10918K, committed 11776K, reserved 1048576K
}
Event: 18753.844 GC heap after
{Heap after GC invocations=1881 (full 5):
 PSYoungGen      total 3072K, used 288K [0x00000000d5580000, 0x00000000d5b80000, 0x0000000100000000)
  eden space 2560K, 0% used [0x00000000d5580000,0x00000000d5580000,0x00000000d5800000)
  from space 512K, 56% used [0x00000000d5b00000,0x00000000d5b48000,0x00000000d5b80000)
  to   space 512K, 0% used [0x00000000d5a80000,0x00000000d5a80000,0x00000000d5b00000)
 ParOldGen       total 589824K, used 573700K [0x0000000080000000, 0x00000000a4000000, 0x00000000d5580000)
  object space 589824K, 97% used [0x0000000080000000,0x00000000a30411f8,0x00000000a4000000)
 Metaspace       used 101832K, committed 103744K, reserved 1179648K
  class space    used 10918K, committed 11776K, reserved 1048576K
}
Event: 18902.230 GC heap before
{Heap before GC invocations=1882 (full 5):
 PSYoungGen      total 3072K, used 2847K [0x00000000d5580000, 0x00000000d5b80000, 0x0000000100000000)
  eden space 2560K, 99% used [0x00000000d5580000,0x00000000d57fffd0,0x00000000d5800000)
  from space 512K, 56% used [0x00000000d5b00000,0x00000000d5b48000,0x00000000d5b80000)
  to   space 512K, 0% used [0x00000000d5a80000,0x00000000d5a80000,0x00000000d5b00000)
 ParOldGen       total 589824K, used 573700K [0x0000000080000000, 0x00000000a4000000, 0x00000000d5580000)
  object space 589824K, 97% used [0x0000000080000000,0x00000000a30411f8,0x00000000a4000000)
 Metaspace       used 101861K, committed 103808K, reserved 1179648K
  class space    used 10918K, committed 11776K, reserved 1048576K
}
Event: 18902.240 GC heap after
{Heap after GC invocations=1882 (full 5):
 PSYoungGen      total 3072K, used 288K [0x00000000d5580000, 0x00000000d5b80000, 0x0000000100000000)
  eden space 2560K, 0% used [0x00000000d5580000,0x00000000d5580000,0x00000000d5800000)
  from space 512K, 56% used [0x00000000d5a80000,0x00000000d5ac8000,0x00000000d5b00000)
  to   space 512K, 0% used [0x00000000d5b00000,0x00000000d5b00000,0x00000000d5b80000)
 ParOldGen       total 589824K, used 573772K [0x0000000080000000, 0x00000000a4000000, 0x00000000d5580000)
  object space 589824K, 97% used [0x0000000080000000,0x00000000a30531f8,0x00000000a4000000)
 Metaspace       used 101861K, committed 103808K, reserved 1179648K
  class space    used 10918K, committed 11776K, reserved 1048576K
}
Event: 18902.282 GC heap before
{Heap before GC invocations=1883 (full 5):
 PSYoungGen      total 3072K, used 2848K [0x00000000d5580000, 0x00000000d5b80000, 0x0000000100000000)
  eden space 2560K, 100% used [0x00000000d5580000,0x00000000d5800000,0x00000000d5800000)
  from space 512K, 56% used [0x00000000d5a80000,0x00000000d5ac8000,0x00000000d5b00000)
  to   space 512K, 0% used [0x00000000d5b00000,0x00000000d5b00000,0x00000000d5b80000)
 ParOldGen       total 589824K, used 573772K [0x0000000080000000, 0x00000000a4000000, 0x00000000d5580000)
  object space 589824K, 97% used [0x0000000080000000,0x00000000a30531f8,0x00000000a4000000)
 Metaspace       used 101865K, committed 103808K, reserved 1179648K
  class space    used 10918K, committed 11776K, reserved 1048576K
}
Event: 18902.283 GC heap after
{Heap after GC invocations=1883 (full 5):
 PSYoungGen      total 3072K, used 320K [0x00000000d5580000, 0x00000000d5b80000, 0x0000000100000000)
  eden space 2560K, 0% used [0x00000000d5580000,0x00000000d5580000,0x00000000d5800000)
  from space 512K, 62% used [0x00000000d5b00000,0x00000000d5b50000,0x00000000d5b80000)
  to   space 512K, 0% used [0x00000000d5a80000,0x00000000d5a80000,0x00000000d5b00000)
 ParOldGen       total 589824K, used 573852K [0x0000000080000000, 0x00000000a4000000, 0x00000000d5580000)
  object space 589824K, 97% used [0x0000000080000000,0x00000000a30671f8,0x00000000a4000000)
 Metaspace       used 101865K, committed 103808K, reserved 1179648K
  class space    used 10918K, committed 11776K, reserved 1048576K
}
Event: 18902.325 GC heap before
{Heap before GC invocations=1884 (full 5):
 PSYoungGen      total 3072K, used 2880K [0x00000000d5580000, 0x00000000d5b80000, 0x0000000100000000)
  eden space 2560K, 100% used [0x00000000d5580000,0x00000000d5800000,0x00000000d5800000)
  from space 512K, 62% used [0x00000000d5b00000,0x00000000d5b50000,0x00000000d5b80000)
  to   space 512K, 0% used [0x00000000d5a80000,0x00000000d5a80000,0x00000000d5b00000)
 ParOldGen       total 589824K, used 573852K [0x0000000080000000, 0x00000000a4000000, 0x00000000d5580000)
  object space 589824K, 97% used [0x0000000080000000,0x00000000a30671f8,0x00000000a4000000)
 Metaspace       used 101867K, committed 103808K, reserved 1179648K
  class space    used 10918K, committed 11776K, reserved 1048576K
}
Event: 18902.326 GC heap after
{Heap after GC invocations=1884 (full 5):
 PSYoungGen      total 3072K, used 320K [0x00000000d5580000, 0x00000000d5b80000, 0x0000000100000000)
  eden space 2560K, 0% used [0x00000000d5580000,0x00000000d5580000,0x00000000d5800000)
  from space 512K, 62% used [0x00000000d5a80000,0x00000000d5ad0000,0x00000000d5b00000)
  to   space 512K, 0% used [0x00000000d5b00000,0x00000000d5b00000,0x00000000d5b80000)
 ParOldGen       total 589824K, used 573948K [0x0000000080000000, 0x00000000a4000000, 0x00000000d5580000)
  object space 589824K, 97% used [0x0000000080000000,0x00000000a307f1f8,0x00000000a4000000)
 Metaspace       used 101867K, committed 103808K, reserved 1179648K
  class space    used 10918K, committed 11776K, reserved 1048576K
}

